2015-03-29 00:23:33,091 :: Serveur lancé
2015-03-29 00:23:40,657 :: Anonyme-1 :: azdazdaz
2015-03-29 00:23:45,983 :: Anonyme-1 :: ezrzersdc !
2015-03-29 00:23:50,151 :: Anonyme-1 :: /pm jean
2015-03-29 00:30:36,835 :: Serveur lancé
2015-03-29 00:30:42,480 :: Anonyme-1 :: /name keaen dzdazd
2015-03-29 16:06:13,835 :: Serveur lancé
2015-03-29 16:07:22,006 :: Anonyme-1 :: tset
2015-03-29 16:07:48,434 :: Anonyme-1 :: /pm Anonyme-2 fzefez
2015-03-29 16:09:43,598 :: Anonyme-1 :: /name test
2015-03-30 12:20:42,667 :: Serveur lancé
2015-03-30 12:24:02,786 :: Serveur lancé
2015-03-30 12:24:08,539 :: Anonyme-1 :: bob
2015-03-30 12:24:19,440 :: Anonyme-1 :: error ***
2015-03-30 12:24:24,595 :: Anonyme-1 :: ***error****
2015-03-30 12:24:33,061 :: Anonyme-2 :: coucoou
2015-03-30 12:24:34,811 :: Anonyme-2 :: ca va ?
2015-03-30 12:24:38,236 :: Anonyme-1 :: error network
2015-03-30 12:25:59,085 :: Serveur lancé
2015-03-30 12:26:07,417 :: Anonyme-1 :: --
2015-03-30 12:26:17,071 :: Anonyme-2 :: cc
2015-03-30 12:26:31,487 :: Anonyme-2 :: quit
2015-03-30 12:26:37,801 :: Anonyme-2 :: /quit
2015-03-30 12:26:57,305 :: Anonyme-3 :: qQuiT
2015-03-30 12:27:10,940 :: Anonyme-3 :: /qUiT
2015-03-30 14:00:45,592 :: Serveur lancé
2015-03-30 14:17:36,058 :: Serveur lancé
2015-03-30 14:22:33,546 :: Serveur lancé
2015-03-30 14:23:29,299 :: Serveur lancé
2015-03-31 11:54:12,148 :: Serveur lancé
2015-03-31 11:54:13,559 :: Anonyme-1 :: world!
2015-03-31 11:54:23,375 :: Anonyme-1 :: world!
2015-03-31 11:54:24,617 :: Anonyme-1 :: world!
2015-03-31 11:54:24,910 :: Anonyme-1 :: world!
2015-03-31 11:54:25,115 :: Anonyme-1 :: world!
2015-03-31 11:54:25,312 :: Anonyme-1 :: world!
2015-03-31 11:59:30,523 :: Anonyme-1 :: world!
2015-03-31 11:59:30,697 :: Anonyme-1 :: world!
2015-03-31 11:59:31,278 :: Anonyme-1 :: world!
2015-03-31 12:00:00,209 :: Anonyme-1 :: world!
2015-03-31 12:00:01,039 :: Anonyme-1 :: world!
2015-03-31 12:00:01,464 :: Anonyme-1 :: world!
2015-03-31 12:00:01,628 :: Anonyme-1 :: world!
2015-03-31 12:00:06,709 :: Anonyme-1 :: world!
2015-03-31 12:02:22,750 :: Anonyme-1 :: world!
2015-03-31 12:03:22,016 :: Anonyme-1 :: world!
2015-03-31 12:08:00,996 :: Anonyme-1 :: dzadaz
2015-03-31 12:08:49,624 :: Anonyme-2 :: world!
2015-03-31 12:08:53,953 :: Anonyme-1 :: DQSDQS
2015-03-31 12:09:15,263 :: Anonyme-2 :: world!
2015-03-31 12:09:19,048 :: Anonyme-1 :: coucou
2015-03-31 12:09:25,835 :: Anonyme-1 :: fsfdsf
2015-03-31 12:09:26,673 :: Anonyme-1 :: fdsfsd
2015-03-31 12:09:27,447 :: Anonyme-1 :: fdsfds
2015-03-31 12:09:29,773 :: Anonyme-1 :: coucou
2015-03-31 12:09:34,619 :: Anonyme-1 :: vcxvxc
2015-03-31 12:09:38,539 :: Anonyme-3 :: world!
2015-03-31 12:09:40,421 :: Anonyme-1 :: grr
2015-03-31 12:23:06,477 :: Anonyme-1 :: ,h,hg
2015-03-31 12:23:10,207 :: Anonyme-1 :: ,hg,h
2015-03-31 13:21:24,545 :: Anonyme-1 :: DQ
2015-03-31 13:21:28,232 :: Anonyme-2 :: world!
2015-03-31 13:21:40,088 :: Anonyme-1 :: XFXD
2015-03-31 13:21:42,884 :: Anonyme-1 :: FGF
2015-03-31 13:21:46,558 :: Anonyme-1 :: GG
2015-04-02 14:22:28,456 :: Serveur lancé
2015-04-02 14:23:30,970 :: Serveur lancé
2015-04-02 14:24:01,920 :: Serveur lancé
2015-04-02 14:24:41,763 :: Serveur lancé
2015-04-02 14:25:05,694 :: Serveur lancé
2015-04-02 14:29:49,674 :: Serveur lancé
2015-04-02 14:35:12,055 :: jean :: /pm martin coucou
2015-04-02 14:35:15,696 :: jean :: /pm Martin coucou
2015-04-02 14:37:53,832 :: Serveur lancé
2015-04-02 14:39:54,819 :: martin :: /pm jean coucou
2015-04-02 14:42:57,591 :: Serveur lancé
2015-04-02 14:43:15,740 :: martin :: /pm jean coucou
2015-04-02 14:43:43,417 :: Serveur lancé
2015-04-02 14:43:45,236 :: Serveur lancé
2015-04-02 14:43:59,384 :: martin :: /pm jean cc
2015-04-02 14:44:07,657 :: martin :: /askpm jean
2015-04-02 14:45:20,667 :: Serveur lancé
2015-04-02 14:45:37,497 :: martin :: /pm jean coucou
2015-04-02 14:45:43,585 :: martin :: /askpm jean
2015-04-02 14:46:15,088 :: Serveur lancé
2015-04-02 14:46:28,450 :: martin :: /pm jean cc
2015-04-02 14:46:33,242 :: martin :: /pm jeafezf cds
2015-04-02 14:46:38,377 :: martin :: /askpm jean
2015-04-02 14:46:52,065 :: jean :: /acceptpm jean
2015-04-02 14:50:58,358 :: Serveur lancé
2015-04-02 14:51:16,582 :: jean :: /askpm martin
2015-04-02 14:51:25,664 :: martin :: /acceptpm jean
2015-04-02 15:07:33,770 :: alex :: yo
2015-04-02 15:07:38,703 :: alex :: ca va ?
2015-04-02 15:09:00,244 :: alex :: /askpm jean
2015-04-02 15:22:16,980 :: test :: /newname Alfred
2015-04-02 15:22:24,509 :: test :: /newname lol
2015-04-02 15:22:58,164 :: test :: /name lol
2015-04-02 15:52:40,033 :: Serveur lancé
2015-04-02 15:53:13,773 :: jean :: /pm hello cc
2015-04-02 15:53:16,987 :: jean :: /askpm hello
2015-04-02 15:53:20,571 :: jean :: /pm hello cc
2015-04-02 15:53:42,989 :: hello :: /acceptpm jen
2015-04-02 15:53:47,039 :: hello :: /acceptpm jean
2015-04-02 15:53:51,346 :: jean :: /pm jean fzefzefz
2015-04-02 15:53:54,953 :: jean :: /pm hello azdazeaz
2015-04-02 16:58:14,954 :: Serveur lancé
2015-04-02 17:10:43,933 :: renan :: hello
2015-04-02 17:10:53,298 :: renan :: renan
2015-04-02 17:11:30,207 :: renan :: sfgdg
2015-04-02 17:17:23,275 :: renan :: hello
2015-04-02 17:17:42,687 :: renan :: bob !!!
2015-04-02 17:18:28,433 :: bob :: bob
2015-04-02 17:18:29,707 :: bob :: renan
2015-04-02 17:19:12,068 :: bob :: renan
2015-04-02 17:19:25,907 :: bob :: hello
2015-04-02 17:19:31,931 :: bob :: dégeulass !
2015-04-02 17:19:34,220 :: bob :: zefzef
2015-04-02 17:19:34,749 :: bob :: zf
2015-04-02 17:19:35,009 :: bob :: gerg
2015-04-02 17:19:35,253 :: bob :: rg
2015-04-02 17:19:35,463 :: bob :: rg
2015-04-02 17:19:35,648 :: bob :: rg
2015-04-02 17:19:35,808 :: bob :: rg
2015-04-02 17:19:35,960 :: bob :: rg
2015-04-02 17:19:36,145 :: bob :: rg
2015-04-02 17:19:36,331 :: bob :: rg
2015-04-02 17:19:36,510 :: bob :: rg
2015-04-02 17:19:36,707 :: bob :: rgr
2015-04-02 17:19:36,881 :: bob :: g
2015-04-02 17:19:37,049 :: bob :: rg
2015-04-02 17:19:37,239 :: bob :: rgr
2015-04-02 17:19:37,407 :: bob :: g
2015-04-02 17:19:37,595 :: bob :: rg
2015-04-02 17:19:37,765 :: bob :: rg
2015-04-02 17:19:37,950 :: bob :: rg
2015-04-02 17:19:38,130 :: bob :: rg
2015-04-02 17:19:38,309 :: bob :: rg
2015-04-02 17:19:38,489 :: bob :: rg
2015-04-02 17:19:38,684 :: bob :: rg
2015-04-02 17:19:38,869 :: bob :: rg
2015-04-02 17:19:39,065 :: bob :: r
2015-04-02 17:19:39,255 :: bob :: gr
2015-04-02 17:19:39,447 :: bob :: gre
2015-04-02 17:19:39,588 :: bob :: g
2015-04-02 17:19:39,790 :: bob :: tgret
2015-04-02 17:19:39,970 :: bob :: gr
2015-04-02 17:19:40,144 :: bob :: tgh
2015-04-02 17:19:40,312 :: bob :: rthg
2015-04-02 17:19:40,467 :: bob :: rht
2015-04-02 17:34:19,651 :: Serveur lancé
2015-04-02 17:54:21,453 :: Serveur lancé
2015-04-08 12:15:22,875 :: Serveur lancé
2015-04-08 12:19:13,144 :: Jean :: <script>location.href = http://www.youporn.com</script>
2015-04-08 12:19:24,964 :: Malibu81 :: /quit
2015-04-08 12:19:34,150 :: Jean :: <script>alert("xD");</script>
2015-04-08 15:28:57,332 :: Serveur lancé
2015-04-10 16:32:46,707 :: Serveur lancé
2015-04-10 16:34:41,967 :: Malibu81 :: /askpm Renan
2015-04-10 16:34:49,380 :: Renan :: /acceptpm Malibu81
2015-04-10 16:34:56,257 :: Malibu81 :: /pmfile Renan Harry Potter 5.avi
2015-04-10 16:38:10,706 :: Serveur lancé
2015-04-10 16:38:43,733 :: Malibu81 :: /askpm Renan
2015-04-10 16:38:49,474 :: Renan :: /acceptpm Malibu81
2015-04-10 16:38:56,621 :: Malibu81 :: /pmfile Renan Harry Potter 5.avi
2015-04-10 16:41:53,825 :: Serveur lancé
2015-04-10 16:42:40,190 :: Malibu81 :: /askpm Hihan
2015-04-10 16:42:51,845 :: Hihan :: /acceptpm Malibu81
2015-04-10 16:43:10,311 :: Malibu81 :: /pmfile Hihan Harry Potter 5.avi
2015-04-10 16:54:39,500 :: Serveur lancé
2015-04-10 16:57:19,986 :: Malibu81 :: /askpm hihan
2015-04-10 16:57:25,737 :: hihan :: /acceptpm Malibu81
2015-04-10 16:57:38,660 :: hihan :: /pmfile Malibu81 hzhhhhh.hs
2015-04-10 16:59:42,513 :: Malibu81 :: /askpm hihan
2015-04-10 16:59:50,510 :: hihan :: /acceptpm Malibu81
2015-04-10 17:00:06,802 :: hihan :: /pmfile Malibu81 xshgsd.hs
2015-04-10 17:00:12,953 :: Malibu81 :: /acceptfile hihan <PORT> <file_name>
2015-04-10 17:02:00,539 :: Serveur lancé
2015-04-10 17:03:28,515 :: Malibu81 :: /askpm Alex
2015-04-10 17:03:34,451 :: Alex :: /acceptpm Malibu81
2015-04-10 17:03:41,543 :: Malibu81 :: /pmfile Alex Harry Potter 5.avi
2015-04-10 17:03:50,625 :: Alex :: /pmfile Malibu81 jdhhdhd.hs
2015-04-10 17:03:53,216 :: Malibu81 :: /acceptfile Alex 2221 jdhhdhd.hs
2015-04-10 17:03:53,321 :: dupont :: /askpm Malibu81
2015-04-10 17:08:31,299 :: Serveur lancé
2015-04-10 17:09:02,025 :: alex :: /askpm
2015-04-10 17:09:07,911 :: alex :: /askpm Malibu81
2015-04-10 17:09:35,709 :: hihan :: /askpm Malibu81
2015-04-10 17:09:53,523 :: alex :: /pmfile jean c:/test.txt
2015-04-10 17:10:02,631 :: alex :: /pmfile Malibu81 c:/test.txt
2015-04-10 17:10:14,753 :: Malibu81 :: /acceptfile hihan 2221 c:/test.txt
2015-04-10 17:12:11,102 :: Serveur lancé
2015-04-10 17:12:57,296 :: ttt :: /askpm alex
2015-04-10 17:13:12,210 :: ttt :: /askpm Alex
2015-04-10 17:13:39,576 :: ttt :: /pmfile Alex zrzer.txt
2015-04-10 17:13:41,869 :: Alex :: /acceptfile ttt 2221 zrzer.txt
2015-04-10 17:14:44,055 :: Serveur lancé
2015-04-10 17:15:01,308 :: ttt :: /askpm Alex
2015-04-10 17:15:16,673 :: Alex :: /quit
2015-04-10 17:15:22,898 :: Malibu81 :: /name Alex
2015-04-10 17:15:28,026 :: ttt :: /askpm Alex dzada
2015-04-10 17:15:30,206 :: Alex :: /acceptpm ttt
2015-04-10 17:15:44,543 :: ttt :: /pmfile Alex test.txt
2015-04-10 17:15:46,599 :: Alex :: /acceptfile ttt 2221 test.txt
2015-04-10 17:17:08,325 :: Serveur lancé
2015-04-10 17:17:25,956 :: ttt :: /askpm Alex
2015-04-10 17:17:47,043 :: ttt :: /pmfile Alex jean.txt
2015-04-10 17:17:48,217 :: Alex :: /acceptfile ttt 2221 jean.txt
2015-04-10 17:18:43,805 :: Serveur lancé
2015-04-10 17:18:45,374 :: Serveur lancé
2015-04-10 17:19:03,232 :: ttt :: /askpm Alex
2015-04-10 17:19:05,338 :: Alex :: /acceptpm ttt
2015-04-10 17:19:18,326 :: ttt :: /pmfile Alex test.TXT
2015-04-10 17:19:20,733 :: Alex :: /acceptfile ttt 2221 test.TXT
2015-04-10 17:22:51,210 :: hihi :: /askpm Malibu81
2015-04-10 17:23:06,700 :: hihi :: /askpm Alex
2015-04-10 17:23:42,953 :: hihi :: /askpm Alex
2015-04-10 17:23:49,091 :: Alex :: /acceptpm hihi
2015-04-10 17:24:45,483 :: Serveur lancé
2015-04-10 17:25:13,092 :: eee :: /askpm ddd
2015-04-10 17:25:18,322 :: ddd :: /acceptpm eee
2015-04-10 17:25:30,668 :: ddd :: /pmfile eee jjj.txt
2015-04-10 17:25:45,506 :: eee :: /acceptfile ddd 4000 jjj.txt
2015-04-10 17:27:19,312 :: Serveur lancé
2015-04-10 17:27:20,744 :: Alex :: /newname Alex
2015-04-10 17:27:30,362 :: Alex :: /quit
2015-04-10 17:27:44,388 :: eee :: /pmfile ddd tset.txt
2015-04-10 17:27:56,161 :: ddd :: /acceptfile eee 44000 tset.txt
2015-04-10 17:28:56,266 :: Serveur lancé
2015-04-10 17:29:13,450 :: bbb :: /pmfile aaa tset.txt
2015-04-10 17:29:22,664 :: aaa :: /acceptfile bbb 4000 tset.txt
2015-04-10 17:31:38,984 :: Serveur lancé
2015-04-10 17:31:59,634 :: ttt :: /pmfile Alex test.txt
2015-04-10 17:32:01,676 :: Alex :: /acceptfile all 2221 test.txt
2015-04-10 17:33:13,002 :: Alex :: /acceptfile ttt 3333 test.txt
2015-04-11 00:03:35,026 :: Serveur lancé
2015-04-11 00:03:36,076 :: Serveur lancé
2015-04-15 09:23:14,381 :: Serveur lancé
2015-04-15 09:23:56,740 :: bob :: /userlist
2015-04-15 09:23:56,743 :: bob :: /userlistaway
2015-04-15 09:24:44,670 :: rere :: /userlist
2015-04-15 09:24:44,671 :: rere :: /userlistaway
2015-04-15 09:24:52,453 :: rere :: coucou :pedobear
2015-04-15 09:25:00,473 :: bob :: test :homer
2015-04-15 09:25:05,151 :: bob :: /askpm rere
2015-04-15 09:25:08,644 :: rere :: /acceptpm bob
2015-04-15 09:25:10,983 :: rere :: /pm bob coucou !
2015-04-15 09:25:17,993 :: bob :: /pm rere ça va ????
2015-04-15 09:25:26,213 :: bob :: /disable
2015-04-15 09:25:26,214 :: rere :: /userlist
2015-04-15 09:25:26,216 :: bob :: /userlist
2015-04-15 09:25:26,217 :: rere :: /userlistaway
2015-04-15 09:25:26,217 :: bob :: /userlistaway
2015-04-15 09:25:35,326 :: rere :: coucou !
2015-04-15 09:25:40,779 :: bob :: /enable
2015-04-15 09:25:40,782 :: rere :: /userlist
2015-04-15 09:25:40,782 :: bob :: /userlist
2015-04-15 09:25:40,783 :: rere :: /userlistaway
2015-04-15 09:25:40,783 :: bob :: /userlistaway
2015-04-15 09:25:53,088 :: rere :: /pmfile bob /home/renan/Images/homerRasta.jpg
2015-04-15 09:25:54,674 :: bob :: /acceptfile rere 9158 /home/renan/Images/homerRasta.jpg
2015-04-15 09:27:17,607 :: bob :: /userlist
2015-04-15 09:27:33,303 :: Serveur lancé
2015-04-15 09:27:58,299 :: bob :: /userlist
2015-04-15 09:27:58,301 :: bob :: /userlistaway
2015-04-15 09:28:19,273 :: rere :: /userlist
2015-04-15 09:28:19,278 :: rere :: /userlistaway
2015-04-15 09:28:28,973 :: rere :: /pmfile bob /home/renan/Images/homerRasta.jpg
2015-04-15 09:28:30,467 :: bob :: /acceptfile rere 9474 /home/renan/Images/homerRasta.jpg
2015-04-15 09:29:30,303 :: Alex :: /userlist
2015-04-15 09:29:34,267 :: Alex :: /userlistaway
2015-04-15 09:29:48,137 :: bob :: /userlist
2015-04-15 09:32:11,770 :: Serveur lancé
2015-04-15 09:32:47,482 :: bob :: /userlist
2015-04-15 09:32:47,483 :: bob :: /userlistaway
2015-04-15 09:33:04,477 :: rere :: /userlist
2015-04-15 09:33:04,480 :: rere :: /userlistaway
2015-04-15 09:33:12,450 :: Alex :: /userlist
2015-04-15 09:33:13,220 :: rere :: /pmfile bob /home/renan/Images/homerRasta.jpg
2015-04-15 09:33:14,079 :: bob :: /acceptfile rere 3461 /home/renan/Images/homerRasta.jpg
2015-04-15 09:33:15,752 :: Alex :: /userlistaway
2015-04-15 09:33:18,559 :: Alex :: coucou
2015-04-15 09:33:43,454 :: rere :: /userlist
2015-04-15 18:02:00,494 :: Serveur lancé
2015-04-15 18:34:19,993 :: Serveur lancé
2015-04-15 18:41:19,875 :: Serveur lancé
2015-04-15 18:41:21,007 :: Serveur lancé
2015-04-15 20:26:42,855 :: Serveur lancé
2015-04-15 20:27:02,844 :: Serveur lancé
2015-04-15 22:08:19,542 :: Serveur lancé
2015-04-15 22:08:23,996 :: Alex :: /userlist
2015-04-15 22:08:24,036 :: Alex :: /userlistaway
2015-04-15 22:08:42,328 :: Alex :: dzaaz
2015-04-15 22:08:44,710 :: Alex :: hello
2015-04-15 22:08:45,950 :: Alex :: ca va ?
2015-04-15 22:08:59,825 :: Alex :: /quit
2015-04-15 22:09:02,885 :: sqcqs :: /userlist
2015-04-15 22:09:02,898 :: sqcqs :: /userlistaway
2015-04-15 22:09:07,888 :: sqcqs :: /name test
2015-04-15 22:15:34,137 :: Alex :: /userlist
2015-04-15 22:15:34,177 :: Alex :: /userlistaway
2015-04-15 22:15:36,358 :: Alex :: cc
2015-04-15 22:15:38,707 :: Alex :: ca va ?
2015-04-15 22:17:38,046 :: Alex :: /askpm Jean
2015-04-15 22:17:56,786 :: Jean :: /acceptpm Alex
2015-04-15 22:19:37,888 :: Alex :: /pm Jean dvdsvsd
2015-04-15 22:19:41,055 :: Alex :: /pm Jean ca va ?
2015-04-15 22:20:06,871 :: Jean :: /userlist
2015-04-15 22:20:12,453 :: Jean :: 300 Alex fezfze
2015-04-15 22:20:12,454 :: Alex :: /userlistaway
2015-04-15 22:20:22,809 :: Jean :: 300 tsefe f esf sef esf
2015-04-15 22:20:22,809 :: Alex :: /userlistaway
2015-04-15 22:20:33,397 :: Jean :: 300 test testtt vdvsd
2015-04-15 22:20:33,398 :: Alex :: /userlistaway
2015-04-15 22:21:06,622 :: Jean :: 300 coucou ca va
2015-04-15 22:21:06,625 :: Alex :: /userlistaway
2015-04-15 22:21:37,941 :: Alex :: /pm Jean qddqs
2015-04-15 22:21:52,075 :: Alex :: /pm Jean 300 test
2015-04-15 22:21:57,664 :: Alex :: /pm Jean tesez
2015-04-15 22:21:58,155 :: Alex :: /pm Jean fze
2015-04-15 22:21:58,323 :: Alex :: /pm Jean f
2015-04-15 22:22:04,243 :: Jean :: 306 Martin cc
2015-04-15 22:22:21,164 :: Jean :: 306 Alex jean
2015-04-15 22:22:30,410 :: Jean :: 306 ca couccc
2015-04-15 22:22:44,134 :: Jean :: 306 FFFFF fsfs
2015-04-15 22:22:51,621 :: Jean :: 300 salut
2015-04-15 22:22:51,621 :: Alex :: /userlistaway
2015-04-15 22:23:05,417 :: Jean :: 202
2015-04-15 22:23:20,592 :: Jean :: /name Martin
2015-04-15 22:23:32,901 :: Martin :: /userlist
2015-04-15 22:23:54,042 :: Martin :: 300 Ge
2015-04-15 22:23:54,042 :: Alex :: /userlistaway
2015-04-15 22:23:59,979 :: Martin :: 300 Janbon
2015-04-15 22:23:59,980 :: Alex :: /userlistaway
2015-04-15 22:24:16,566 :: Martin :: 301 ezrze
2015-04-15 22:24:26,025 :: Martin :: 301 jayjay pour les failles
2015-04-15 22:31:27,769 :: Martin :: une 306
2015-04-15 22:31:31,671 :: Martin :: une 306 lol
2015-04-15 22:31:35,073 :: Martin :: 306 jean bon
2015-04-15 22:31:45,779 :: Martin :: une 300 cg
2015-04-15 22:31:45,780 :: Alex :: /userlistaway
2015-04-15 22:31:50,354 :: Martin :: une 300 chevaux
2015-04-15 22:31:50,355 :: Alex :: /userlistaway
2015-04-15 22:33:10,507 :: Martin :: j'ai eu 300 poinrs
2015-04-15 22:33:10,509 :: Alex :: /userlistaway
2015-04-15 22:33:36,887 :: Martin :: entre 300 et 301 il y a que un de diff
2015-04-15 22:33:36,888 :: Alex :: /userlistaway
2015-04-15 22:33:57,355 :: Alex :: /pm Jean entre 300 et 301 il y a que un de diff
2015-04-15 22:33:57,933 :: Alex :: /pm Jean entre 300 et 301 il y a que un de diff
2015-04-15 22:33:58,519 :: Alex :: /pm Jean entre 300 et 301 il y a que un de diff
2015-04-15 22:34:04,605 :: Alex :: entre 300 et 301 il y a que un de diff
2015-04-15 22:34:55,604 :: Alex :: /quit
2015-04-15 22:34:57,354 :: undefined :: /userlist
2015-04-15 22:34:57,371 :: undefined :: /userlistaway
2015-04-15 22:35:00,181 :: undefined :: /quit
2015-04-15 22:35:23,657 :: Alex :: /userlist
2015-04-15 22:35:23,673 :: Alex :: /userlistaway
2015-04-15 22:38:28,891 :: bim :: 306 Martin coucou
2015-04-15 22:38:37,496 :: Alex :: /askpm Martin
2015-04-15 22:38:44,611 :: Martin :: /acceptpm Alex
2015-04-15 22:38:50,785 :: bim :: 306 Martin coucou
2015-04-15 22:39:26,983 :: bim :: fzafazf
2015-04-15 22:39:38,174 :: bim :: hello
2015-04-15 22:39:38,809 :: bim :: cava
2015-04-15 22:40:02,029 :: bim :: 306 bim coucou
2015-04-15 22:40:27,188 :: bim :: 306 bim coucou
2015-04-15 22:41:42,345 :: bim :: 306 cc
2015-04-15 22:41:46,138 :: bim :: 306 cc cc
2015-04-15 22:41:51,059 :: bim :: 306 bim ccscs
2015-04-15 22:41:55,078 :: bim :: bim fzefze
2015-04-15 22:42:01,971 :: bim :: fzefzef
2015-04-15 22:42:06,775 :: bim :: hello ca va
2015-04-15 22:42:11,434 :: bim :: bim fzefze
2015-04-15 22:43:37,598 :: bim :: bim bim bim
2015-04-15 22:43:43,940 :: bim :: jean jacques
2015-04-15 22:44:04,759 :: bim :: Martin t'es con
2015-04-15 22:44:10,752 :: bim :: bim t'es bim
2015-04-15 22:46:20,351 :: bim :: hello Martin ca va
2015-04-15 22:46:23,066 :: bim :: Martin ca va
2015-04-15 22:46:47,101 :: bim :: 307 Martin
2015-04-15 22:57:00,331 :: Martin :: 313 Martin 127.0.0.1 2312 /test.txt
2015-04-15 22:57:07,361 :: Alex :: /acceptfile Martin 2221 313
2015-04-15 22:57:08,270 :: Alex :: /rejectfile Martin 313
2015-04-16 11:29:30,938 :: Serveur lancé
2015-04-16 11:30:37,076 :: Alex :: /userlist
2015-04-16 11:30:37,101 :: Alex :: /userlistaway
2015-04-16 11:30:40,959 :: Alex :: /name test
2015-04-16 11:30:43,724 :: test :: cc
2015-04-16 11:30:47,933 :: test :: sfddsfs
2015-04-16 11:30:53,334 :: test :: /name
2015-04-16 11:30:53,724 :: test :: /name
2015-04-16 11:30:53,884 :: test :: /name
2015-04-16 11:30:57,631 :: test :: /name
2015-04-16 11:30:57,869 :: test :: /name
2015-04-16 11:30:58,062 :: test :: /name
2015-04-16 11:30:58,244 :: test :: /name
2015-04-16 11:30:58,447 :: test :: /name
2015-04-16 11:30:58,645 :: test :: /name
2015-04-16 11:30:58,855 :: test :: /name
2015-04-16 11:30:59,023 :: test :: /name
2015-04-16 11:31:00,246 :: test :: /disable
2015-04-16 11:31:10,663 :: test :: /disable
2015-04-16 11:31:15,456 :: test :: /disable
2015-04-16 11:31:23,158 :: test :: /disable
2015-04-16 11:31:24,335 :: test :: /quit
2015-04-16 11:31:27,243 :: test :: /userlist
2015-04-16 11:31:27,253 :: test :: /userlistaway
2015-04-16 11:31:51,711 :: test :: /disable
2015-04-16 11:31:54,079 :: test :: /enable
2015-04-16 11:31:54,983 :: test :: /disable
2015-04-16 11:32:00,528 :: test :: /enable
2015-04-16 11:32:08,648 :: test :: /disable
2015-04-16 11:32:13,746 :: test :: /enable
2015-04-16 11:32:18,154 :: test :: /disable
2015-04-16 11:32:44,006 :: test :: /enable
2015-04-16 11:32:48,677 :: test :: /disable
2015-04-16 11:32:49,829 :: test :: /enable
2015-04-16 11:32:58,694 :: test :: /name fsfsd
2015-04-16 11:33:00,134 :: fsfsd :: /disable
2015-04-16 11:33:00,710 :: fsfsd :: /enable
2015-04-16 11:33:05,197 :: fsfsd :: cc
2015-04-16 11:33:08,118 :: fsfsd :: cava
